0 info it worked if it ends with ok
1 verbose cli [ 'D:\\6-node\\node.exe',
1 verbose cli   'D:\\6-node\\node_modules\\npm\\bin\\npm-cli.js',
1 verbose cli   'run',
1 verbose cli   'devserver' ]
2 info using npm@3.10.9
3 info using node@v4.6.1
4 verbose run-script [ 'predevserver', 'devserver', 'postdevserver' ]
5 info lifecycle react4@0.0.1~predevserver: react4@0.0.1
6 silly lifecycle react4@0.0.1~predevserver: no script for predevserver, continuing
7 info lifecycle react4@0.0.1~devserver: react4@0.0.1
8 verbose lifecycle react4@0.0.1~devserver: unsafe-perm in lifecycle true
9 verbose lifecycle react4@0.0.1~devserver: PATH: D:\6-node\node_modules\npm\bin\node-gyp-bin;D:\6-node\projects\React#4\node_modules\.bin;C:\ProgramData\Oracle\Java\javapath;C:\Program Files (x86)\NVIDIA Corporation\PhysX\Common;C:\Windows\system32;C:\Windows;C:\Windows\System32\Wbem;C:\Windows\System32\WindowsPowerShell\v1.0\;D:\6-node
10 verbose lifecycle react4@0.0.1~devserver: CWD: D:\6-node\projects\React#4
11 silly lifecycle react4@0.0.1~devserver: Args: [ '/d /s /c',
11 silly lifecycle   'webpack-dev-server --debug --hot --devtool eval-source-map --output-pathinfo --watch --colors --inline --content-base public --port 8090 --host 0.0.0.0' ]
12 silly lifecycle react4@0.0.1~devserver: Returned: code: 3221225501  signal: null
13 info lifecycle react4@0.0.1~devserver: Failed to exec devserver script
14 verbose stack Error: react4@0.0.1 devserver: `webpack-dev-server --debug --hot --devtool eval-source-map --output-pathinfo --watch --colors --inline --content-base public --port 8090 --host 0.0.0.0`
14 verbose stack Exit status 3221225501
14 verbose stack     at EventEmitter.<anonymous> (D:\6-node\node_modules\npm\lib\utils\lifecycle.js:255:16)
14 verbose stack     at emitTwo (events.js:87:13)
14 verbose stack     at EventEmitter.emit (events.js:172:7)
14 verbose stack     at ChildProcess.<anonymous> (D:\6-node\node_modules\npm\lib\utils\spawn.js:40:14)
14 verbose stack     at emitTwo (events.js:87:13)
14 verbose stack     at ChildProcess.emit (events.js:172:7)
14 verbose stack     at maybeClose (internal/child_process.js:829:16)
14 verbose stack     at Process.ChildProcess._handle.onexit (internal/child_process.js:211:5)
15 verbose pkgid react4@0.0.1
16 verbose cwd D:\6-node\projects\React#4
17 error Windows_NT 6.1.7600
18 error argv "D:\\6-node\\node.exe" "D:\\6-node\\node_modules\\npm\\bin\\npm-cli.js" "run" "devserver"
19 error node v4.6.1
20 error npm  v3.10.9
21 error code ELIFECYCLE
22 error react4@0.0.1 devserver: `webpack-dev-server --debug --hot --devtool eval-source-map --output-pathinfo --watch --colors --inline --content-base public --port 8090 --host 0.0.0.0`
22 error Exit status 3221225501
23 error Failed at the react4@0.0.1 devserver script 'webpack-dev-server --debug --hot --devtool eval-source-map --output-pathinfo --watch --colors --inline --content-base public --port 8090 --host 0.0.0.0'.
23 error Make sure you have the latest version of node.js and npm installed.
23 error If you do, this is most likely a problem with the react4 package,
23 error not with npm itself.
23 error Tell the author that this fails on your system:
23 error     webpack-dev-server --debug --hot --devtool eval-source-map --output-pathinfo --watch --colors --inline --content-base public --port 8090 --host 0.0.0.0
23 error You can get information on how to open an issue for this project with:
23 error     npm bugs react4
23 error Or if that isn't available, you can get their info via:
23 error     npm owner ls react4
23 error There is likely additional logging output above.
24 verbose exit [ 1, true ]
